{
  "/Users/dannv/Workspace/TECHGEN/expo-project-example/nativewind-env.d.ts": {
    "path": "/Users/dannv/Workspace/TECHGEN/expo-project-example/nativewind-env.d.ts",
    "statementMap": {},
    "fnMap": {},
    "branchMap": {},
    "s": {},
    "f": {},
    "b": {}
  },
  "/Users/dannv/Workspace/TECHGEN/expo-project-example/constants/Colors.ts": {
    "path": "/Users/dannv/Workspace/TECHGEN/expo-project-example/constants/Colors.ts",
    "statementMap": {
      "0": {
        "start": { "line": 1, "column": 23 },
        "end": { "line": 1, "column": 32 }
      },
      "1": {
        "start": { "line": 2, "column": 22 },
        "end": { "line": 2, "column": 28 }
      }
    },
    "fnMap": {},
    "branchMap": {},
    "s": { "0": 0, "1": 0 },
    "f": {},
    "b": {}
  },
  "/Users/dannv/Workspace/TECHGEN/expo-project-example/src/components/ErrorBoundary.tsx": {
    "path": "/Users/dannv/Workspace/TECHGEN/expo-project-example/src/components/ErrorBoundary.tsx",
    "statementMap": {
      "0": {
        "start": { "line": 15, "column": 4 },
        "end": { "line": 15, "column": 17 }
      },
      "1": {
        "start": { "line": 16, "column": 4 },
        "end": { "line": 16, "column": 37 }
      },
      "2": {
        "start": { "line": 20, "column": 4 },
        "end": { "line": 20, "column": 37 }
      },
      "3": {
        "start": { "line": 25, "column": 4 },
        "end": { "line": 25, "column": 65 }
      },
      "4": {
        "start": { "line": 31, "column": 17 },
        "end": { "line": 43, "column": 3 }
      },
      "5": {
        "start": { "line": 32, "column": 4 },
        "end": { "line": 32, "column": 57 }
      },
      "6": {
        "start": { "line": 34, "column": 4 },
        "end": { "line": 42, "column": 5 }
      },
      "7": {
        "start": { "line": 35, "column": 6 },
        "end": { "line": 35, "column": 31 }
      },
      "8": {
        "start": { "line": 38, "column": 26 },
        "end": { "line": 38, "column": 51 }
      },
      "9": {
        "start": { "line": 39, "column": 6 },
        "end": { "line": 41, "column": 7 }
      },
      "10": {
        "start": { "line": 40, "column": 8 },
        "end": { "line": 40, "column": 25 }
      },
      "11": {
        "start": { "line": 46, "column": 4 },
        "end": { "line": 62, "column": 5 }
      },
      "12": {
        "start": { "line": 47, "column": 6 },
        "end": { "line": 61, "column": 8 }
      },
      "13": {
        "start": { "line": 64, "column": 4 },
        "end": { "line": 64, "column": 31 }
      },
      "14": {
        "start": { "line": 68, "column": 15 },
        "end": { "line": 106, "column": 2 }
      }
    },
    "fnMap": {
      "0": {
        "name": "(anonymous_0)",
        "decl": {
          "start": { "line": 14, "column": 2 },
          "end": { "line": 14, "column": 3 }
        },
        "loc": {
          "start": { "line": 14, "column": 28 },
          "end": { "line": 17, "column": 3 }
        },
        "line": 14
      },
      "1": {
        "name": "(anonymous_1)",
        "decl": {
          "start": { "line": 19, "column": 2 },
          "end": { "line": 19, "column": 3 }
        },
        "loc": {
          "start": { "line": 19, "column": 55 },
          "end": { "line": 21, "column": 3 }
        },
        "line": 19
      },
      "2": {
        "name": "(anonymous_2)",
        "decl": {
          "start": { "line": 23, "column": 2 },
          "end": { "line": 23, "column": 3 }
        },
        "loc": {
          "start": { "line": 23, "column": 62 },
          "end": { "line": 29, "column": 3 }
        },
        "line": 23
      },
      "3": {
        "name": "(anonymous_3)",
        "decl": {
          "start": { "line": 31, "column": 17 },
          "end": { "line": 31, "column": 18 }
        },
        "loc": {
          "start": { "line": 31, "column": 23 },
          "end": { "line": 43, "column": 3 }
        },
        "line": 31
      },
      "4": {
        "name": "(anonymous_4)",
        "decl": {
          "start": { "line": 45, "column": 2 },
          "end": { "line": 45, "column": 3 }
        },
        "loc": {
          "start": { "line": 45, "column": 11 },
          "end": { "line": 65, "column": 3 }
        },
        "line": 45
      }
    },
    "branchMap": {
      "0": {
        "loc": {
          "start": { "line": 34, "column": 4 },
          "end": { "line": 42, "column": 5 }
        },
        "type": "if",
        "locations": [
          {
            "start": { "line": 34, "column": 4 },
            "end": { "line": 42, "column": 5 }
          },
          {
            "start": { "line": 36, "column": 11 },
            "end": { "line": 42, "column": 5 }
          }
        ],
        "line": 34
      },
      "1": {
        "loc": {
          "start": { "line": 34, "column": 8 },
          "end": { "line": 34, "column": 56 }
        },
        "type": "binary-expr",
        "locations": [
          {
            "start": { "line": 34, "column": 8 },
            "end": { "line": 34, "column": 37 }
          },
          {
            "start": { "line": 34, "column": 41 },
            "end": { "line": 34, "column": 56 }
          }
        ],
        "line": 34
      },
      "2": {
        "loc": {
          "start": { "line": 39, "column": 6 },
          "end": { "line": 41, "column": 7 }
        },
        "type": "if",
        "locations": [
          {
            "start": { "line": 39, "column": 6 },
            "end": { "line": 41, "column": 7 }
          },
          { "start": {}, "end": {} }
        ],
        "line": 39
      },
      "3": {
        "loc": {
          "start": { "line": 46, "column": 4 },
          "end": { "line": 62, "column": 5 }
        },
        "type": "if",
        "locations": [
          {
            "start": { "line": 46, "column": 4 },
            "end": { "line": 62, "column": 5 }
          },
          { "start": {}, "end": {} }
        ],
        "line": 46
      },
      "4": {
        "loc": {
          "start": { "line": 52, "column": 15 },
          "end": { "line": 54, "column": 67 }
        },
        "type": "cond-expr",
        "locations": [
          {
            "start": { "line": 53, "column": 18 },
            "end": { "line": 53, "column": 42 }
          },
          {
            "start": { "line": 54, "column": 18 },
            "end": { "line": 54, "column": 67 }
          }
        ],
        "line": 52
      },
      "5": {
        "loc": {
          "start": { "line": 52, "column": 15 },
          "end": { "line": 52, "column": 73 }
        },
        "type": "binary-expr",
        "locations": [
          {
            "start": { "line": 52, "column": 15 },
            "end": { "line": 52, "column": 53 }
          },
          {
            "start": { "line": 52, "column": 57 },
            "end": { "line": 52, "column": 73 }
          }
        ],
        "line": 52
      }
    },
    "s": {
      "0": 0,
      "1": 0,
      "2": 0,
      "3": 0,
      "4": 0,
      "5": 0,
      "6": 0,
      "7": 0,
      "8": 0,
      "9": 0,
      "10": 0,
      "11": 0,
      "12": 0,
      "13": 0,
      "14": 0
    },
    "f": { "0": 0, "1": 0, "2": 0, "3": 0, "4": 0 },
    "b": {
      "0": [0, 0],
      "1": [0, 0],
      "2": [0, 0],
      "3": [0, 0],
      "4": [0, 0],
      "5": [0, 0]
    }
  },
  "/Users/dannv/Workspace/TECHGEN/expo-project-example/src/components/ui/Button.tsx": {
    "path": "/Users/dannv/Workspace/TECHGEN/expo-project-example/src/components/ui/Button.tsx",
    "statementMap": {
      "0": {
        "start": { "line": 25, "column": 20 },
        "end": { "line": 25, "column": 69 }
      },
      "1": {
        "start": { "line": 26, "column": 19 },
        "end": { "line": 31, "column": 3 }
      },
      "2": {
        "start": { "line": 33, "column": 16 },
        "end": { "line": 37, "column": 3 }
      },
      "3": {
        "start": { "line": 39, "column": 21 },
        "end": { "line": 45, "column": 4 }
      },
      "4": {
        "start": { "line": 47, "column": 2 },
        "end": { "line": 64, "column": 4 }
      }
    },
    "fnMap": {
      "0": {
        "name": "Button",
        "decl": {
          "start": { "line": 16, "column": 16 },
          "end": { "line": 16, "column": 22 }
        },
        "loc": {
          "start": { "line": 24, "column": 16 },
          "end": { "line": 65, "column": 1 }
        },
        "line": 24
      }
    },
    "branchMap": {
      "0": {
        "loc": {
          "start": { "line": 17, "column": 2 },
          "end": { "line": 17, "column": 21 }
        },
        "type": "default-arg",
        "locations": [
          {
            "start": { "line": 17, "column": 12 },
            "end": { "line": 17, "column": 21 }
          }
        ],
        "line": 17
      },
      "1": {
        "loc": {
          "start": { "line": 18, "column": 2 },
          "end": { "line": 18, "column": 13 }
        },
        "type": "default-arg",
        "locations": [
          {
            "start": { "line": 18, "column": 9 },
            "end": { "line": 18, "column": 13 }
          }
        ],
        "line": 18
      },
      "2": {
        "loc": {
          "start": { "line": 51, "column": 22 },
          "end": { "line": 51, "column": 43 }
        },
        "type": "binary-expr",
        "locations": [
          {
            "start": { "line": 51, "column": 22 },
            "end": { "line": 51, "column": 30 }
          },
          {
            "start": { "line": 51, "column": 34 },
            "end": { "line": 51, "column": 43 }
          }
        ],
        "line": 51
      },
      "3": {
        "loc": {
          "start": { "line": 53, "column": 16 },
          "end": { "line": 53, "column": 37 }
        },
        "type": "binary-expr",
        "locations": [
          {
            "start": { "line": 53, "column": 16 },
            "end": { "line": 53, "column": 24 }
          },
          {
            "start": { "line": 53, "column": 28 },
            "end": { "line": 53, "column": 37 }
          }
        ],
        "line": 53
      },
      "4": {
        "loc": {
          "start": { "line": 56, "column": 7 },
          "end": { "line": 61, "column": 7 }
        },
        "type": "binary-expr",
        "locations": [
          {
            "start": { "line": 56, "column": 7 },
            "end": { "line": 56, "column": 16 }
          },
          {
            "start": { "line": 57, "column": 8 },
            "end": { "line": 60, "column": 10 }
          }
        ],
        "line": 56
      },
      "5": {
        "loc": {
          "start": { "line": 58, "column": 17 },
          "end": { "line": 58, "column": 57 }
        },
        "type": "cond-expr",
        "locations": [
          {
            "start": { "line": 58, "column": 41 },
            "end": { "line": 58, "column": 48 }
          },
          {
            "start": { "line": 58, "column": 51 },
            "end": { "line": 58, "column": 57 }
          }
        ],
        "line": 58
      }
    },
    "s": { "0": 12, "1": 12, "2": 12, "3": 12, "4": 12 },
    "f": { "0": 12 },
    "b": {
      "0": [9],
      "1": [9],
      "2": [12, 11],
      "3": [12, 11],
      "4": [12, 1],
      "5": [1, 0]
    },
    "_coverageSchema": "1a1c01bbd47fc00a2c39e90264f33305004495a9",
    "hash": "c01c692f7cd293c88c4e47949e650f9bec1008ec"
  },
  "/Users/dannv/Workspace/TECHGEN/expo-project-example/src/components/ui/Input.tsx": {
    "path": "/Users/dannv/Workspace/TECHGEN/expo-project-example/src/components/ui/Input.tsx",
    "statementMap": {
      "0": {
        "start": { "line": 31, "column": 2 },
        "end": { "line": 55, "column": 4 }
      },
      "1": {
        "start": { "line": 63, "column": 2 },
        "end": { "line": 80, "column": 4 }
      },
      "2": {
        "start": { "line": 71, "column": 8 },
        "end": { "line": 77, "column": 10 }
      }
    },
    "fnMap": {
      "0": {
        "name": "Input",
        "decl": {
          "start": { "line": 21, "column": 16 },
          "end": { "line": 21, "column": 21 }
        },
        "loc": {
          "start": { "line": 30, "column": 15 },
          "end": { "line": 56, "column": 1 }
        },
        "line": 30
      },
      "1": {
        "name": "ControlledInput",
        "decl": {
          "start": { "line": 58, "column": 16 },
          "end": { "line": 58, "column": 31 }
        },
        "loc": {
          "start": { "line": 62, "column": 28 },
          "end": { "line": 81, "column": 1 }
        },
        "line": 62
      },
      "2": {
        "name": "(anonymous_2)",
        "decl": {
          "start": { "line": 67, "column": 14 },
          "end": { "line": 67, "column": 15 }
        },
        "loc": {
          "start": { "line": 71, "column": 8 },
          "end": { "line": 77, "column": 10 }
        },
        "line": 71
      }
    },
    "branchMap": {
      "0": {
        "loc": {
          "start": { "line": 33, "column": 7 },
          "end": { "line": 39, "column": 7 }
        },
        "type": "binary-expr",
        "locations": [
          {
            "start": { "line": 33, "column": 7 },
            "end": { "line": 33, "column": 12 }
          },
          {
            "start": { "line": 34, "column": 8 },
            "end": { "line": 38, "column": 15 }
          }
        ],
        "line": 33
      },
      "1": {
        "loc": {
          "start": { "line": 43, "column": 10 },
          "end": { "line": 43, "column": 55 }
        },
        "type": "binary-expr",
        "locations": [
          {
            "start": { "line": 43, "column": 10 },
            "end": { "line": 43, "column": 15 }
          },
          {
            "start": { "line": 43, "column": 19 },
            "end": { "line": 43, "column": 55 }
          }
        ],
        "line": 43
      },
      "2": {
        "loc": {
          "start": { "line": 44, "column": 10 },
          "end": { "line": 44, "column": 37 }
        },
        "type": "binary-expr",
        "locations": [
          {
            "start": { "line": 44, "column": 10 },
            "end": { "line": 44, "column": 24 }
          },
          {
            "start": { "line": 44, "column": 28 },
            "end": { "line": 44, "column": 37 }
          }
        ],
        "line": 44
      },
      "3": {
        "loc": {
          "start": { "line": 46, "column": 30 },
          "end": { "line": 46, "column": 59 }
        },
        "type": "cond-expr",
        "locations": [
          {
            "start": { "line": 46, "column": 38 },
            "end": { "line": 46, "column": 47 }
          },
          {
            "start": { "line": 46, "column": 50 },
            "end": { "line": 46, "column": 59 }
          }
        ],
        "line": 46
      },
      "4": {
        "loc": {
          "start": { "line": 49, "column": 7 },
          "end": { "line": 53, "column": 7 }
        },
        "type": "binary-expr",
        "locations": [
          {
            "start": { "line": 49, "column": 7 },
            "end": { "line": 49, "column": 12 }
          },
          {
            "start": { "line": 50, "column": 8 },
            "end": { "line": 52, "column": 15 }
          }
        ],
        "line": 49
      }
    },
    "s": { "0": 0, "1": 0, "2": 0 },
    "f": { "0": 0, "1": 0, "2": 0 },
    "b": { "0": [0, 0], "1": [0, 0], "2": [0, 0], "3": [0, 0], "4": [0, 0] }
  },
  "/Users/dannv/Workspace/TECHGEN/expo-project-example/src/components/ui/TabBarIcon.tsx": {
    "path": "/Users/dannv/Workspace/TECHGEN/expo-project-example/src/components/ui/TabBarIcon.tsx",
    "statementMap": {
      "0": {
        "start": { "line": 9, "column": 2 },
        "end": { "line": 11, "column": 4 }
      }
    },
    "fnMap": {
      "0": {
        "name": "TabBarIcon",
        "decl": {
          "start": { "line": 5, "column": 16 },
          "end": { "line": 5, "column": 26 }
        },
        "loc": {
          "start": { "line": 8, "column": 58 },
          "end": { "line": 12, "column": 1 }
        },
        "line": 8
      }
    },
    "branchMap": {},
    "s": { "0": 0 },
    "f": { "0": 0 },
    "b": {}
  },
  "/Users/dannv/Workspace/TECHGEN/expo-project-example/src/features/auth/store.ts": {
    "path": "/Users/dannv/Workspace/TECHGEN/expo-project-example/src/features/auth/store.ts",
    "statementMap": {
      "0": {
        "start": { "line": 7, "column": 16 },
        "end": { "line": 7, "column": 28 }
      },
      "1": {
        "start": { "line": 10, "column": 23 },
        "end": { "line": 14, "column": 1 }
      },
      "2": {
        "start": { "line": 11, "column": 44 },
        "end": { "line": 11, "column": 68 }
      },
      "3": {
        "start": { "line": 12, "column": 29 },
        "end": { "line": 12, "column": 60 }
      },
      "4": {
        "start": { "line": 13, "column": 32 },
        "end": { "line": 13, "column": 52 }
      },
      "5": {
        "start": { "line": 26, "column": 28 },
        "end": { "line": 53, "column": 1 }
      },
      "6": {
        "start": { "line": 28, "column": 14 },
        "end": { "line": 44, "column": 5 }
      },
      "7": {
        "start": { "line": 35, "column": 8 },
        "end": { "line": 35, "column": 52 }
      },
      "8": {
        "start": { "line": 38, "column": 8 },
        "end": { "line": 38, "column": 65 }
      },
      "9": {
        "start": { "line": 39, "column": 8 },
        "end": { "line": 39, "column": 39 }
      },
      "10": {
        "start": { "line": 42, "column": 8 },
        "end": { "line": 42, "column": 34 }
      },
      "11": {
        "start": { "line": 47, "column": 39 },
        "end": { "line": 47, "column": 53 }
      },
      "12": {
        "start": { "line": 48, "column": 32 },
        "end": { "line": 50, "column": 7 }
      },
      "13": {
        "start": { "line": 49, "column": 8 },
        "end": { "line": 49, "column": 38 }
      },
      "14": {
        "start": { "line": 49, "column": 21 },
        "end": { "line": 49, "column": 37 }
      }
    },
    "fnMap": {
      "0": {
        "name": "(anonymous_0)",
        "decl": {
          "start": { "line": 11, "column": 11 },
          "end": { "line": 11, "column": 12 }
        },
        "loc": {
          "start": { "line": 11, "column": 44 },
          "end": { "line": 11, "column": 68 }
        },
        "line": 11
      },
      "1": {
        "name": "(anonymous_1)",
        "decl": {
          "start": { "line": 12, "column": 11 },
          "end": { "line": 12, "column": 12 }
        },
        "loc": {
          "start": { "line": 12, "column": 29 },
          "end": { "line": 12, "column": 60 }
        },
        "line": 12
      },
      "2": {
        "name": "(anonymous_2)",
        "decl": {
          "start": { "line": 13, "column": 14 },
          "end": { "line": 13, "column": 15 }
        },
        "loc": {
          "start": { "line": 13, "column": 32 },
          "end": { "line": 13, "column": 52 }
        },
        "line": 13
      },
      "3": {
        "name": "(anonymous_3)",
        "decl": {
          "start": { "line": 28, "column": 4 },
          "end": { "line": 28, "column": 5 }
        },
        "loc": {
          "start": { "line": 28, "column": 14 },
          "end": { "line": 44, "column": 5 }
        },
        "line": 28
      },
      "4": {
        "name": "(anonymous_4)",
        "decl": {
          "start": { "line": 34, "column": 14 },
          "end": { "line": 34, "column": 15 }
        },
        "loc": {
          "start": { "line": 34, "column": 31 },
          "end": { "line": 36, "column": 7 }
        },
        "line": 34
      },
      "5": {
        "name": "(anonymous_5)",
        "decl": {
          "start": { "line": 37, "column": 15 },
          "end": { "line": 37, "column": 16 }
        },
        "loc": {
          "start": { "line": 37, "column": 21 },
          "end": { "line": 40, "column": 7 }
        },
        "line": 37
      },
      "6": {
        "name": "(anonymous_6)",
        "decl": {
          "start": { "line": 41, "column": 15 },
          "end": { "line": 41, "column": 16 }
        },
        "loc": {
          "start": { "line": 41, "column": 21 },
          "end": { "line": 43, "column": 7 }
        },
        "line": 41
      },
      "7": {
        "name": "(anonymous_7)",
        "decl": {
          "start": { "line": 47, "column": 33 },
          "end": { "line": 47, "column": 34 }
        },
        "loc": {
          "start": { "line": 47, "column": 39 },
          "end": { "line": 47, "column": 53 }
        },
        "line": 47
      },
      "8": {
        "name": "(anonymous_8)",
        "decl": {
          "start": { "line": 48, "column": 26 },
          "end": { "line": 48, "column": 27 }
        },
        "loc": {
          "start": { "line": 48, "column": 32 },
          "end": { "line": 50, "column": 7 }
        },
        "line": 48
      },
      "9": {
        "name": "(anonymous_9)",
        "decl": {
          "start": { "line": 48, "column": 32 },
          "end": { "line": 48, "column": 33 }
        },
        "loc": {
          "start": { "line": 48, "column": 43 },
          "end": { "line": 50, "column": 7 }
        },
        "line": 48
      },
      "10": {
        "name": "(anonymous_10)",
        "decl": {
          "start": { "line": 49, "column": 15 },
          "end": { "line": 49, "column": 16 }
        },
        "loc": {
          "start": { "line": 49, "column": 21 },
          "end": { "line": 49, "column": 37 }
        },
        "line": 49
      }
    },
    "branchMap": {
      "0": {
        "loc": {
          "start": { "line": 12, "column": 29 },
          "end": { "line": 12, "column": 60 }
        },
        "type": "binary-expr",
        "locations": [
          {
            "start": { "line": 12, "column": 29 },
            "end": { "line": 12, "column": 52 }
          },
          {
            "start": { "line": 12, "column": 56 },
            "end": { "line": 12, "column": 60 }
          }
        ],
        "line": 12
      }
    },
    "s": {
      "0": 0,
      "1": 0,
      "2": 0,
      "3": 0,
      "4": 0,
      "5": 0,
      "6": 0,
      "7": 0,
      "8": 0,
      "9": 0,
      "10": 0,
      "11": 0,
      "12": 0,
      "13": 0,
      "14": 0
    },
    "f": {
      "0": 0,
      "1": 0,
      "2": 0,
      "3": 0,
      "4": 0,
      "5": 0,
      "6": 0,
      "7": 0,
      "8": 0,
      "9": 0,
      "10": 0
    },
    "b": { "0": [0, 0] }
  },
  "/Users/dannv/Workspace/TECHGEN/expo-project-example/src/features/auth/types.ts": {
    "path": "/Users/dannv/Workspace/TECHGEN/expo-project-example/src/features/auth/types.ts",
    "statementMap": {},
    "fnMap": {},
    "branchMap": {},
    "s": {},
    "f": {},
    "b": {}
  },
  "/Users/dannv/Workspace/TECHGEN/expo-project-example/src/features/auth/api/index.ts": {
    "path": "/Users/dannv/Workspace/TECHGEN/expo-project-example/src/features/auth/api/index.ts",
    "statementMap": {
      "0": {
        "start": { "line": 11, "column": 25 },
        "end": { "line": 32, "column": 1 }
      },
      "1": {
        "start": { "line": 17, "column": 2 },
        "end": { "line": 31, "column": 5 }
      },
      "2": {
        "start": { "line": 18, "column": 4 },
        "end": { "line": 30, "column": 13 }
      },
      "3": {
        "start": { "line": 19, "column": 6 },
        "end": { "line": 29, "column": 9 }
      },
      "4": {
        "start": { "line": 34, "column": 28 },
        "end": { "line": 39, "column": 1 }
      },
      "5": {
        "start": { "line": 37, "column": 19 },
        "end": { "line": 37, "column": 67 }
      },
      "6": {
        "start": { "line": 38, "column": 2 },
        "end": { "line": 38, "column": 14 }
      },
      "7": {
        "start": { "line": 41, "column": 28 },
        "end": { "line": 46, "column": 1 }
      },
      "8": {
        "start": { "line": 44, "column": 19 },
        "end": { "line": 44, "column": 74 }
      },
      "9": {
        "start": { "line": 45, "column": 2 },
        "end": { "line": 45, "column": 14 }
      },
      "10": {
        "start": { "line": 48, "column": 29 },
        "end": { "line": 53, "column": 1 }
      },
      "11": {
        "start": { "line": 51, "column": 19 },
        "end": { "line": 51, "column": 74 }
      },
      "12": {
        "start": { "line": 52, "column": 2 },
        "end": { "line": 52, "column": 14 }
      },
      "13": {
        "start": { "line": 55, "column": 30 },
        "end": { "line": 60, "column": 1 }
      },
      "14": {
        "start": { "line": 58, "column": 19 },
        "end": { "line": 58, "column": 78 }
      },
      "15": {
        "start": { "line": 59, "column": 2 },
        "end": { "line": 59, "column": 14 }
      },
      "16": {
        "start": { "line": 62, "column": 30 },
        "end": { "line": 65, "column": 1 }
      },
      "17": {
        "start": { "line": 63, "column": 19 },
        "end": { "line": 63, "column": 50 }
      },
      "18": {
        "start": { "line": 64, "column": 2 },
        "end": { "line": 64, "column": 14 }
      },
      "19": {
        "start": { "line": 67, "column": 22 },
        "end": { "line": 70, "column": 1 }
      },
      "20": {
        "start": { "line": 68, "column": 19 },
        "end": { "line": 68, "column": 55 }
      },
      "21": {
        "start": { "line": 69, "column": 2 },
        "end": { "line": 69, "column": 14 }
      }
    },
    "fnMap": {
      "0": {
        "name": "(anonymous_0)",
        "decl": {
          "start": { "line": 11, "column": 25 },
          "end": { "line": 11, "column": 26 }
        },
        "loc": {
          "start": { "line": 13, "column": 28 },
          "end": { "line": 32, "column": 1 }
        },
        "line": 13
      },
      "1": {
        "name": "(anonymous_1)",
        "decl": {
          "start": { "line": 17, "column": 21 },
          "end": { "line": 17, "column": 22 }
        },
        "loc": {
          "start": { "line": 17, "column": 34 },
          "end": { "line": 31, "column": 3 }
        },
        "line": 17
      },
      "2": {
        "name": "(anonymous_2)",
        "decl": {
          "start": { "line": 18, "column": 15 },
          "end": { "line": 18, "column": 16 }
        },
        "loc": {
          "start": { "line": 18, "column": 21 },
          "end": { "line": 30, "column": 5 }
        },
        "line": 18
      },
      "3": {
        "name": "(anonymous_3)",
        "decl": {
          "start": { "line": 34, "column": 28 },
          "end": { "line": 34, "column": 29 }
        },
        "loc": {
          "start": { "line": 36, "column": 28 },
          "end": { "line": 39, "column": 1 }
        },
        "line": 36
      },
      "4": {
        "name": "(anonymous_4)",
        "decl": {
          "start": { "line": 41, "column": 28 },
          "end": { "line": 41, "column": 29 }
        },
        "loc": {
          "start": { "line": 43, "column": 28 },
          "end": { "line": 46, "column": 1 }
        },
        "line": 43
      },
      "5": {
        "name": "(anonymous_5)",
        "decl": {
          "start": { "line": 48, "column": 29 },
          "end": { "line": 48, "column": 30 }
        },
        "loc": {
          "start": { "line": 50, "column": 35 },
          "end": { "line": 53, "column": 1 }
        },
        "line": 50
      },
      "6": {
        "name": "(anonymous_6)",
        "decl": {
          "start": { "line": 55, "column": 30 },
          "end": { "line": 55, "column": 31 }
        },
        "loc": {
          "start": { "line": 57, "column": 35 },
          "end": { "line": 60, "column": 1 }
        },
        "line": 57
      },
      "7": {
        "name": "(anonymous_7)",
        "decl": {
          "start": { "line": 62, "column": 30 },
          "end": { "line": 62, "column": 31 }
        },
        "loc": {
          "start": { "line": 62, "column": 57 },
          "end": { "line": 65, "column": 1 }
        },
        "line": 62
      },
      "8": {
        "name": "(anonymous_8)",
        "decl": {
          "start": { "line": 67, "column": 22 },
          "end": { "line": 67, "column": 23 }
        },
        "loc": {
          "start": { "line": 67, "column": 64 },
          "end": { "line": 70, "column": 1 }
        },
        "line": 67
      }
    },
    "branchMap": {},
    "s": {
      "0": 1,
      "1": 0,
      "2": 0,
      "3": 0,
      "4": 1,
      "5": 0,
      "6": 0,
      "7": 1,
      "8": 0,
      "9": 0,
      "10": 1,
      "11": 0,
      "12": 0,
      "13": 1,
      "14": 0,
      "15": 0,
      "16": 1,
      "17": 0,
      "18": 0,
      "19": 1,
      "20": 0,
      "21": 0
    },
    "f": {
      "0": 0,
      "1": 0,
      "2": 0,
      "3": 0,
      "4": 0,
      "5": 0,
      "6": 0,
      "7": 0,
      "8": 0
    },
    "b": {},
    "_coverageSchema": "1a1c01bbd47fc00a2c39e90264f33305004495a9",
    "hash": "f674da6e401784fcfcbc4f2347f7effc02e9d98b"
  },
  "/Users/dannv/Workspace/TECHGEN/expo-project-example/src/features/auth/hooks/useAuth.ts": {
    "path": "/Users/dannv/Workspace/TECHGEN/expo-project-example/src/features/auth/hooks/useAuth.ts",
    "statementMap": {
      "0": {
        "start": { "line": 5, "column": 23 },
        "end": { "line": 28, "column": 1 }
      },
      "1": {
        "start": { "line": 7, "column": 4 },
        "end": { "line": 7, "column": 18 }
      },
      "2": {
        "start": { "line": 9, "column": 16 },
        "end": { "line": 14, "column": 3 }
      },
      "3": {
        "start": { "line": 11, "column": 6 },
        "end": { "line": 11, "column": 36 }
      },
      "4": {
        "start": { "line": 16, "column": 17 },
        "end": { "line": 18, "column": 15 }
      },
      "5": {
        "start": { "line": 17, "column": 4 },
        "end": { "line": 17, "column": 14 }
      },
      "6": {
        "start": { "line": 20, "column": 2 },
        "end": { "line": 27, "column": 4 }
      }
    },
    "fnMap": {
      "0": {
        "name": "(anonymous_0)",
        "decl": {
          "start": { "line": 5, "column": 23 },
          "end": { "line": 5, "column": 24 }
        },
        "loc": {
          "start": { "line": 5, "column": 29 },
          "end": { "line": 28, "column": 1 }
        },
        "line": 5
      },
      "1": {
        "name": "(anonymous_1)",
        "decl": {
          "start": { "line": 10, "column": 4 },
          "end": { "line": 10, "column": 5 }
        },
        "loc": {
          "start": { "line": 10, "column": 45 },
          "end": { "line": 12, "column": 5 }
        },
        "line": 10
      },
      "2": {
        "name": "(anonymous_2)",
        "decl": {
          "start": { "line": 16, "column": 29 },
          "end": { "line": 16, "column": 30 }
        },
        "loc": {
          "start": { "line": 16, "column": 35 },
          "end": { "line": 18, "column": 3 }
        },
        "line": 16
      }
    },
    "branchMap": {},
    "s": { "0": 1, "1": 4, "2": 4, "3": 2, "4": 4, "5": 1, "6": 4 },
    "f": { "0": 4, "1": 2, "2": 1 },
    "b": {},
    "_coverageSchema": "1a1c01bbd47fc00a2c39e90264f33305004495a9",
    "hash": "477028b7f30751aeb94f7c180d40f78cfd1c0266"
  },
  "/Users/dannv/Workspace/TECHGEN/expo-project-example/src/features/auth/hooks/useLogin.ts": {
    "path": "/Users/dannv/Workspace/TECHGEN/expo-project-example/src/features/auth/hooks/useLogin.ts",
    "statementMap": {
      "0": {
        "start": { "line": 7, "column": 24 },
        "end": { "line": 20, "column": 1 }
      },
      "1": {
        "start": { "line": 8, "column": 17 },
        "end": { "line": 8, "column": 54 }
      },
      "2": {
        "start": { "line": 8, "column": 41 },
        "end": { "line": 8, "column": 53 }
      },
      "3": {
        "start": { "line": 9, "column": 17 },
        "end": { "line": 9, "column": 28 }
      },
      "4": {
        "start": { "line": 10, "column": 33 },
        "end": { "line": 10, "column": 50 }
      },
      "5": {
        "start": { "line": 12, "column": 2 },
        "end": { "line": 19, "column": 5 }
      },
      "6": {
        "start": { "line": 15, "column": 6 },
        "end": { "line": 15, "column": 36 }
      },
      "7": {
        "start": { "line": 16, "column": 6 },
        "end": { "line": 16, "column": 32 }
      }
    },
    "fnMap": {
      "0": {
        "name": "(anonymous_0)",
        "decl": {
          "start": { "line": 7, "column": 24 },
          "end": { "line": 7, "column": 25 }
        },
        "loc": {
          "start": { "line": 7, "column": 30 },
          "end": { "line": 20, "column": 1 }
        },
        "line": 7
      },
      "1": {
        "name": "(anonymous_1)",
        "decl": {
          "start": { "line": 8, "column": 30 },
          "end": { "line": 8, "column": 31 }
        },
        "loc": {
          "start": { "line": 8, "column": 41 },
          "end": { "line": 8, "column": 53 }
        },
        "line": 8
      },
      "2": {
        "name": "(anonymous_2)",
        "decl": {
          "start": { "line": 14, "column": 15 },
          "end": { "line": 14, "column": 16 }
        },
        "loc": {
          "start": { "line": 14, "column": 25 },
          "end": { "line": 17, "column": 5 }
        },
        "line": 14
      }
    },
    "branchMap": {},
    "s": { "0": 1, "1": 3, "2": 3, "3": 3, "4": 3, "5": 3, "6": 1, "7": 1 },
    "f": { "0": 3, "1": 3, "2": 1 },
    "b": {},
    "_coverageSchema": "1a1c01bbd47fc00a2c39e90264f33305004495a9",
    "hash": "5826304c3fd1b4cf479363c38bf0edf7724ece5a"
  },
  "/Users/dannv/Workspace/TECHGEN/expo-project-example/src/features/auth/schemas/auth.schema.ts": {
    "path": "/Users/dannv/Workspace/TECHGEN/expo-project-example/src/features/auth/schemas/auth.schema.ts",
    "statementMap": {
      "0": {
        "start": { "line": 3, "column": 27 },
        "end": { "line": 6, "column": 2 }
      }
    },
    "fnMap": {},
    "branchMap": {},
    "s": { "0": 0 },
    "f": {},
    "b": {}
  },
  "/Users/dannv/Workspace/TECHGEN/expo-project-example/src/features/demo/types.ts": {
    "path": "/Users/dannv/Workspace/TECHGEN/expo-project-example/src/features/demo/types.ts",
    "statementMap": {},
    "fnMap": {},
    "branchMap": {},
    "s": {},
    "f": {},
    "b": {}
  },
  "/Users/dannv/Workspace/TECHGEN/expo-project-example/src/features/demo/api/index.ts": {
    "path": "/Users/dannv/Workspace/TECHGEN/expo-project-example/src/features/demo/api/index.ts",
    "statementMap": {
      "0": {
        "start": { "line": 6, "column": 26 },
        "end": { "line": 11, "column": 1 }
      },
      "1": {
        "start": { "line": 7, "column": 19 },
        "end": { "line": 9, "column": 3 }
      },
      "2": {
        "start": { "line": 10, "column": 2 },
        "end": { "line": 10, "column": 14 }
      }
    },
    "fnMap": {
      "0": {
        "name": "(anonymous_0)",
        "decl": {
          "start": { "line": 6, "column": 26 },
          "end": { "line": 6, "column": 27 }
        },
        "loc": {
          "start": { "line": 6, "column": 55 },
          "end": { "line": 11, "column": 1 }
        },
        "line": 6
      }
    },
    "branchMap": {},
    "s": { "0": 0, "1": 0, "2": 0 },
    "f": { "0": 0 },
    "b": {}
  },
  "/Users/dannv/Workspace/TECHGEN/expo-project-example/src/features/demo/components/PostItem.tsx": {
    "path": "/Users/dannv/Workspace/TECHGEN/expo-project-example/src/features/demo/components/PostItem.tsx",
    "statementMap": {
      "0": {
        "start": { "line": 9, "column": 2 },
        "end": { "line": 16, "column": 4 }
      }
    },
    "fnMap": {
      "0": {
        "name": "PostItem",
        "decl": {
          "start": { "line": 8, "column": 16 },
          "end": { "line": 8, "column": 24 }
        },
        "loc": {
          "start": { "line": 8, "column": 50 },
          "end": { "line": 17, "column": 1 }
        },
        "line": 8
      }
    },
    "branchMap": {},
    "s": { "0": 0 },
    "f": { "0": 0 },
    "b": {}
  },
  "/Users/dannv/Workspace/TECHGEN/expo-project-example/src/features/demo/components/PostList.tsx": {
    "path": "/Users/dannv/Workspace/TECHGEN/expo-project-example/src/features/demo/components/PostList.tsx",
    "statementMap": {
      "0": {
        "start": { "line": 20, "column": 2 },
        "end": { "line": 27, "column": 3 }
      },
      "1": {
        "start": { "line": 21, "column": 4 },
        "end": { "line": 26, "column": 6 }
      },
      "2": {
        "start": { "line": 29, "column": 2 },
        "end": { "line": 35, "column": 3 }
      },
      "3": {
        "start": { "line": 30, "column": 4 },
        "end": { "line": 34, "column": 6 }
      },
      "4": {
        "start": { "line": 37, "column": 2 },
        "end": { "line": 52, "column": 4 }
      },
      "5": {
        "start": { "line": 40, "column": 30 },
        "end": { "line": 40, "column": 48 }
      },
      "6": {
        "start": { "line": 41, "column": 32 },
        "end": { "line": 41, "column": 56 }
      }
    },
    "fnMap": {
      "0": {
        "name": "PostList",
        "decl": {
          "start": { "line": 13, "column": 16 },
          "end": { "line": 13, "column": 24 }
        },
        "loc": {
          "start": { "line": 19, "column": 18 },
          "end": { "line": 53, "column": 1 }
        },
        "line": 19
      },
      "1": {
        "name": "(anonymous_1)",
        "decl": {
          "start": { "line": 40, "column": 20 },
          "end": { "line": 40, "column": 21 }
        },
        "loc": {
          "start": { "line": 40, "column": 30 },
          "end": { "line": 40, "column": 48 }
        },
        "line": 40
      },
      "2": {
        "name": "(anonymous_2)",
        "decl": {
          "start": { "line": 41, "column": 18 },
          "end": { "line": 41, "column": 19 }
        },
        "loc": {
          "start": { "line": 41, "column": 32 },
          "end": { "line": 41, "column": 56 }
        },
        "line": 41
      }
    },
    "branchMap": {
      "0": {
        "loc": {
          "start": { "line": 20, "column": 2 },
          "end": { "line": 27, "column": 3 }
        },
        "type": "if",
        "locations": [
          {
            "start": { "line": 20, "column": 2 },
            "end": { "line": 27, "column": 3 }
          },
          { "start": {}, "end": {} }
        ],
        "line": 20
      },
      "1": {
        "loc": {
          "start": { "line": 29, "column": 2 },
          "end": { "line": 35, "column": 3 }
        },
        "type": "if",
        "locations": [
          {
            "start": { "line": 29, "column": 2 },
            "end": { "line": 35, "column": 3 }
          },
          { "start": {}, "end": {} }
        ],
        "line": 29
      }
    },
    "s": { "0": 0, "1": 0, "2": 0, "3": 0, "4": 0, "5": 0, "6": 0 },
    "f": { "0": 0, "1": 0, "2": 0 },
    "b": { "0": [0, 0], "1": [0, 0] }
  },
  "/Users/dannv/Workspace/TECHGEN/expo-project-example/src/features/demo/hooks/usePosts.ts": {
    "path": "/Users/dannv/Workspace/TECHGEN/expo-project-example/src/features/demo/hooks/usePosts.ts",
    "statementMap": {
      "0": {
        "start": { "line": 4, "column": 24 },
        "end": { "line": 9, "column": 1 }
      },
      "1": {
        "start": { "line": 5, "column": 2 },
        "end": { "line": 8, "column": 5 }
      }
    },
    "fnMap": {
      "0": {
        "name": "(anonymous_0)",
        "decl": {
          "start": { "line": 4, "column": 24 },
          "end": { "line": 4, "column": 25 }
        },
        "loc": {
          "start": { "line": 4, "column": 30 },
          "end": { "line": 9, "column": 1 }
        },
        "line": 4
      }
    },
    "branchMap": {},
    "s": { "0": 0, "1": 0 },
    "f": { "0": 0 },
    "b": {}
  },
  "/Users/dannv/Workspace/TECHGEN/expo-project-example/src/hooks/useColorScheme.ts": {
    "path": "/Users/dannv/Workspace/TECHGEN/expo-project-example/src/hooks/useColorScheme.ts",
    "statementMap": {
      "0": {
        "start": { "line": 4, "column": 2 },
        "end": { "line": 4, "column": 32 }
      }
    },
    "fnMap": {
      "0": {
        "name": "useColorScheme",
        "decl": {
          "start": { "line": 3, "column": 16 },
          "end": { "line": 3, "column": 30 }
        },
        "loc": {
          "start": { "line": 3, "column": 33 },
          "end": { "line": 5, "column": 1 }
        },
        "line": 3
      }
    },
    "branchMap": {},
    "s": { "0": 0 },
    "f": { "0": 0 },
    "b": {}
  },
  "/Users/dannv/Workspace/TECHGEN/expo-project-example/src/hooks/useError.ts": {
    "path": "/Users/dannv/Workspace/TECHGEN/expo-project-example/src/hooks/useError.ts",
    "statementMap": {
      "0": {
        "start": { "line": 12, "column": 31 },
        "end": { "line": 135, "column": 1 }
      },
      "1": {
        "start": { "line": 14, "column": 4 },
        "end": { "line": 14, "column": 73 }
      },
      "2": {
        "start": { "line": 16, "column": 22 },
        "end": { "line": 57, "column": 3 }
      },
      "3": {
        "start": { "line": 23, "column": 10 },
        "end": { "line": 23, "column": 17 }
      },
      "4": {
        "start": { "line": 25, "column": 20 },
        "end": { "line": 25, "column": 35 }
      },
      "5": {
        "start": { "line": 28, "column": 6 },
        "end": { "line": 46, "column": 7 }
      },
      "6": {
        "start": { "line": 29, "column": 8 },
        "end": { "line": 35, "column": 9 }
      },
      "7": {
        "start": { "line": 30, "column": 10 },
        "end": { "line": 30, "column": 34 }
      },
      "8": {
        "start": { "line": 31, "column": 15 },
        "end": { "line": 35, "column": 9 }
      },
      "9": {
        "start": { "line": 32, "column": 10 },
        "end": { "line": 32, "column": 26 }
      },
      "10": {
        "start": { "line": 33, "column": 15 },
        "end": { "line": 35, "column": 9 }
      },
      "11": {
        "start": { "line": 34, "column": 10 },
        "end": { "line": 34, "column": 42 }
      },
      "12": {
        "start": { "line": 38, "column": 8 },
        "end": { "line": 40, "column": 9 }
      },
      "13": {
        "start": { "line": 39, "column": 10 },
        "end": { "line": 39, "column": 44 }
      },
      "14": {
        "start": { "line": 43, "column": 8 },
        "end": { "line": 45, "column": 9 }
      },
      "15": {
        "start": { "line": 49, "column": 6 },
        "end": { "line": 54, "column": 9 }
      },
      "16": {
        "start": { "line": 59, "column": 29 },
        "end": { "line": 103, "column": 3 }
      },
      "17": {
        "start": { "line": 61, "column": 20 },
        "end": { "line": 61, "column": 44 }
      },
      "18": {
        "start": { "line": 63, "column": 6 },
        "end": { "line": 95, "column": 7 }
      },
      "19": {
        "start": { "line": 65, "column": 23 },
        "end": { "line": 65, "column": 44 }
      },
      "20": {
        "start": { "line": 66, "column": 8 },
        "end": { "line": 87, "column": 9 }
      },
      "21": {
        "start": { "line": 68, "column": 12 },
        "end": { "line": 68, "column": 66 }
      },
      "22": {
        "start": { "line": 69, "column": 12 },
        "end": { "line": 69, "column": 18 }
      },
      "23": {
        "start": { "line": 71, "column": 12 },
        "end": { "line": 71, "column": 69 }
      },
      "24": {
        "start": { "line": 72, "column": 12 },
        "end": { "line": 72, "column": 18 }
      },
      "25": {
        "start": { "line": 74, "column": 12 },
        "end": { "line": 74, "column": 75 }
      },
      "26": {
        "start": { "line": 75, "column": 12 },
        "end": { "line": 75, "column": 18 }
      },
      "27": {
        "start": { "line": 77, "column": 12 },
        "end": { "line": 77, "column": 62 }
      },
      "28": {
        "start": { "line": 78, "column": 12 },
        "end": { "line": 78, "column": 18 }
      },
      "29": {
        "start": { "line": 80, "column": 12 },
        "end": { "line": 80, "column": 67 }
      },
      "30": {
        "start": { "line": 81, "column": 12 },
        "end": { "line": 81, "column": 18 }
      },
      "31": {
        "start": { "line": 83, "column": 12 },
        "end": { "line": 83, "column": 62 }
      },
      "32": {
        "start": { "line": 84, "column": 12 },
        "end": { "line": 84, "column": 18 }
      },
      "33": {
        "start": { "line": 86, "column": 12 },
        "end": { "line": 86, "column": 92 }
      },
      "34": {
        "start": { "line": 88, "column": 13 },
        "end": { "line": 95, "column": 7 }
      },
      "35": {
        "start": { "line": 90, "column": 8 },
        "end": { "line": 91, "column": 80 }
      },
      "36": {
        "start": { "line": 92, "column": 13 },
        "end": { "line": 95, "column": 7 }
      },
      "37": {
        "start": { "line": 94, "column": 8 },
        "end": { "line": 94, "column": 32 }
      },
      "38": {
        "start": { "line": 97, "column": 6 },
        "end": { "line": 100, "column": 9 }
      },
      "39": {
        "start": { "line": 105, "column": 26 },
        "end": { "line": 128, "column": 3 }
      },
      "40": {
        "start": { "line": 107, "column": 20 },
        "end": { "line": 107, "column": 44 }
      },
      "41": {
        "start": { "line": 109, "column": 6 },
        "end": { "line": 120, "column": 7 }
      },
      "42": {
        "start": { "line": 111, "column": 23 },
        "end": { "line": 111, "column": 49 }
      },
      "43": {
        "start": { "line": 112, "column": 27 },
        "end": { "line": 112, "column": 63 }
      },
      "44": {
        "start": { "line": 113, "column": 8 },
        "end": { "line": 115, "column": 31 }
      },
      "45": {
        "start": { "line": 116, "column": 13 },
        "end": { "line": 120, "column": 7 }
      },
      "46": {
        "start": { "line": 117, "column": 8 },
        "end": { "line": 117, "column": 46 }
      },
      "47": {
        "start": { "line": 118, "column": 13 },
        "end": { "line": 120, "column": 7 }
      },
      "48": {
        "start": { "line": 119, "column": 8 },
        "end": { "line": 119, "column": 24 }
      },
      "49": {
        "start": { "line": 122, "column": 6 },
        "end": { "line": 125, "column": 9 }
      },
      "50": {
        "start": { "line": 130, "column": 2 },
        "end": { "line": 134, "column": 4 }
      }
    },
    "fnMap": {
      "0": {
        "name": "(anonymous_0)",
        "decl": {
          "start": { "line": 12, "column": 31 },
          "end": { "line": 12, "column": 32 }
        },
        "loc": {
          "start": { "line": 12, "column": 37 },
          "end": { "line": 135, "column": 1 }
        },
        "line": 12
      },
      "1": {
        "name": "(anonymous_1)",
        "decl": {
          "start": { "line": 17, "column": 4 },
          "end": { "line": 17, "column": 5 }
        },
        "loc": {
          "start": { "line": 17, "column": 52 },
          "end": { "line": 55, "column": 5 }
        },
        "line": 17
      },
      "2": {
        "name": "(anonymous_2)",
        "decl": {
          "start": { "line": 60, "column": 4 },
          "end": { "line": 60, "column": 5 }
        },
        "loc": {
          "start": { "line": 60, "column": 20 },
          "end": { "line": 101, "column": 5 }
        },
        "line": 60
      },
      "3": {
        "name": "(anonymous_3)",
        "decl": {
          "start": { "line": 106, "column": 4 },
          "end": { "line": 106, "column": 5 }
        },
        "loc": {
          "start": { "line": 106, "column": 20 },
          "end": { "line": 126, "column": 5 }
        },
        "line": 106
      }
    },
    "branchMap": {
      "0": {
        "loc": {
          "start": { "line": 14, "column": 4 },
          "end": { "line": 14, "column": 73 }
        },
        "type": "binary-expr",
        "locations": [
          {
            "start": { "line": 14, "column": 4 },
            "end": { "line": 14, "column": 62 }
          },
          {
            "start": { "line": 14, "column": 66 },
            "end": { "line": 14, "column": 73 }
          }
        ],
        "line": 14
      },
      "1": {
        "loc": {
          "start": { "line": 17, "column": 21 },
          "end": { "line": 17, "column": 47 }
        },
        "type": "default-arg",
        "locations": [
          {
            "start": { "line": 17, "column": 45 },
            "end": { "line": 17, "column": 47 }
          }
        ],
        "line": 17
      },
      "2": {
        "loc": {
          "start": { "line": 19, "column": 8 },
          "end": { "line": 19, "column": 23 }
        },
        "type": "default-arg",
        "locations": [
          {
            "start": { "line": 19, "column": 16 },
            "end": { "line": 19, "column": 23 }
          }
        ],
        "line": 19
      },
      "3": {
        "loc": {
          "start": { "line": 20, "column": 8 },
          "end": { "line": 20, "column": 75 }
        },
        "type": "default-arg",
        "locations": [
          {
            "start": { "line": 20, "column": 26 },
            "end": { "line": 20, "column": 75 }
          }
        ],
        "line": 20
      },
      "4": {
        "loc": {
          "start": { "line": 21, "column": 8 },
          "end": { "line": 21, "column": 24 }
        },
        "type": "default-arg",
        "locations": [
          {
            "start": { "line": 21, "column": 20 },
            "end": { "line": 21, "column": 24 }
          }
        ],
        "line": 21
      },
      "5": {
        "loc": {
          "start": { "line": 22, "column": 8 },
          "end": { "line": 22, "column": 27 }
        },
        "type": "default-arg",
        "locations": [
          {
            "start": { "line": 22, "column": 23 },
            "end": { "line": 22, "column": 27 }
          }
        ],
        "line": 22
      },
      "6": {
        "loc": {
          "start": { "line": 28, "column": 6 },
          "end": { "line": 46, "column": 7 }
        },
        "type": "if",
        "locations": [
          {
            "start": { "line": 28, "column": 6 },
            "end": { "line": 46, "column": 7 }
          },
          { "start": {}, "end": {} }
        ],
        "line": 28
      },
      "7": {
        "loc": {
          "start": { "line": 29, "column": 8 },
          "end": { "line": 35, "column": 9 }
        },
        "type": "if",
        "locations": [
          {
            "start": { "line": 29, "column": 8 },
            "end": { "line": 35, "column": 9 }
          },
          {
            "start": { "line": 31, "column": 15 },
            "end": { "line": 35, "column": 9 }
          }
        ],
        "line": 29
      },
      "8": {
        "loc": {
          "start": { "line": 31, "column": 15 },
          "end": { "line": 35, "column": 9 }
        },
        "type": "if",
        "locations": [
          {
            "start": { "line": 31, "column": 15 },
            "end": { "line": 35, "column": 9 }
          },
          {
            "start": { "line": 33, "column": 15 },
            "end": { "line": 35, "column": 9 }
          }
        ],
        "line": 31
      },
      "9": {
        "loc": {
          "start": { "line": 33, "column": 15 },
          "end": { "line": 35, "column": 9 }
        },
        "type": "if",
        "locations": [
          {
            "start": { "line": 33, "column": 15 },
            "end": { "line": 35, "column": 9 }
          },
          { "start": {}, "end": {} }
        ],
        "line": 33
      },
      "10": {
        "loc": {
          "start": { "line": 33, "column": 19 },
          "end": { "line": 33, "column": 75 }
        },
        "type": "binary-expr",
        "locations": [
          {
            "start": { "line": 33, "column": 19 },
            "end": { "line": 33, "column": 24 }
          },
          {
            "start": { "line": 33, "column": 28 },
            "end": { "line": 33, "column": 53 }
          },
          {
            "start": { "line": 33, "column": 57 },
            "end": { "line": 33, "column": 75 }
          }
        ],
        "line": 33
      },
      "11": {
        "loc": {
          "start": { "line": 38, "column": 8 },
          "end": { "line": 40, "column": 9 }
        },
        "type": "if",
        "locations": [
          {
            "start": { "line": 38, "column": 8 },
            "end": { "line": 40, "column": 9 }
          },
          { "start": {}, "end": {} }
        ],
        "line": 38
      },
      "12": {
        "loc": {
          "start": { "line": 38, "column": 12 },
          "end": { "line": 38, "column": 31 }
        },
        "type": "binary-expr",
        "locations": [
          {
            "start": { "line": 38, "column": 12 },
            "end": { "line": 38, "column": 18 }
          },
          {
            "start": { "line": 38, "column": 22 },
            "end": { "line": 38, "column": 31 }
          }
        ],
        "line": 38
      },
      "13": {
        "loc": {
          "start": { "line": 43, "column": 8 },
          "end": { "line": 45, "column": 9 }
        },
        "type": "if",
        "locations": [
          {
            "start": { "line": 43, "column": 8 },
            "end": { "line": 45, "column": 9 }
          },
          { "start": {}, "end": {} }
        ],
        "line": 43
      },
      "14": {
        "loc": {
          "start": { "line": 43, "column": 12 },
          "end": { "line": 43, "column": 35 }
        },
        "type": "binary-expr",
        "locations": [
          {
            "start": { "line": 43, "column": 12 },
            "end": { "line": 43, "column": 24 }
          },
          {
            "start": { "line": 43, "column": 28 },
            "end": { "line": 43, "column": 35 }
          }
        ],
        "line": 43
      },
      "15": {
        "loc": {
          "start": { "line": 63, "column": 6 },
          "end": { "line": 95, "column": 7 }
        },
        "type": "if",
        "locations": [
          {
            "start": { "line": 63, "column": 6 },
            "end": { "line": 95, "column": 7 }
          },
          {
            "start": { "line": 88, "column": 13 },
            "end": { "line": 95, "column": 7 }
          }
        ],
        "line": 63
      },
      "16": {
        "loc": {
          "start": { "line": 66, "column": 8 },
          "end": { "line": 87, "column": 9 }
        },
        "type": "switch",
        "locations": [
          {
            "start": { "line": 67, "column": 10 },
            "end": { "line": 69, "column": 18 }
          },
          {
            "start": { "line": 70, "column": 10 },
            "end": { "line": 72, "column": 18 }
          },
          {
            "start": { "line": 73, "column": 10 },
            "end": { "line": 75, "column": 18 }
          },
          {
            "start": { "line": 76, "column": 10 },
            "end": { "line": 78, "column": 18 }
          },
          {
            "start": { "line": 79, "column": 10 },
            "end": { "line": 81, "column": 18 }
          },
          {
            "start": { "line": 82, "column": 10 },
            "end": { "line": 84, "column": 18 }
          },
          {
            "start": { "line": 85, "column": 10 },
            "end": { "line": 86, "column": 92 }
          }
        ],
        "line": 66
      },
      "17": {
        "loc": {
          "start": { "line": 86, "column": 42 },
          "end": { "line": 86, "column": 89 }
        },
        "type": "binary-expr",
        "locations": [
          {
            "start": { "line": 86, "column": 42 },
            "end": { "line": 86, "column": 70 }
          },
          {
            "start": { "line": 86, "column": 74 },
            "end": { "line": 86, "column": 89 }
          }
        ],
        "line": 86
      },
      "18": {
        "loc": {
          "start": { "line": 88, "column": 13 },
          "end": { "line": 95, "column": 7 }
        },
        "type": "if",
        "locations": [
          {
            "start": { "line": 88, "column": 13 },
            "end": { "line": 95, "column": 7 }
          },
          {
            "start": { "line": 92, "column": 13 },
            "end": { "line": 95, "column": 7 }
          }
        ],
        "line": 88
      },
      "19": {
        "loc": {
          "start": { "line": 92, "column": 13 },
          "end": { "line": 95, "column": 7 }
        },
        "type": "if",
        "locations": [
          {
            "start": { "line": 92, "column": 13 },
            "end": { "line": 95, "column": 7 }
          },
          { "start": {}, "end": {} }
        ],
        "line": 92
      },
      "20": {
        "loc": {
          "start": { "line": 109, "column": 6 },
          "end": { "line": 120, "column": 7 }
        },
        "type": "if",
        "locations": [
          {
            "start": { "line": 109, "column": 6 },
            "end": { "line": 120, "column": 7 }
          },
          {
            "start": { "line": 116, "column": 13 },
            "end": { "line": 120, "column": 7 }
          }
        ],
        "line": 109
      },
      "21": {
        "loc": {
          "start": { "line": 113, "column": 18 },
          "end": { "line": 115, "column": 30 }
        },
        "type": "cond-expr",
        "locations": [
          {
            "start": { "line": 114, "column": 12 },
            "end": { "line": 114, "column": 25 }
          },
          {
            "start": { "line": 115, "column": 12 },
            "end": { "line": 115, "column": 30 }
          }
        ],
        "line": 113
      },
      "22": {
        "loc": {
          "start": { "line": 116, "column": 13 },
          "end": { "line": 120, "column": 7 }
        },
        "type": "if",
        "locations": [
          {
            "start": { "line": 116, "column": 13 },
            "end": { "line": 120, "column": 7 }
          },
          {
            "start": { "line": 118, "column": 13 },
            "end": { "line": 120, "column": 7 }
          }
        ],
        "line": 116
      },
      "23": {
        "loc": {
          "start": { "line": 118, "column": 13 },
          "end": { "line": 120, "column": 7 }
        },
        "type": "if",
        "locations": [
          {
            "start": { "line": 118, "column": 13 },
            "end": { "line": 120, "column": 7 }
          },
          { "start": {}, "end": {} }
        ],
        "line": 118
      }
    },
    "s": {
      "0": 1,
      "1": 0,
      "2": 0,
      "3": 0,
      "4": 0,
      "5": 0,
      "6": 0,
      "7": 0,
      "8": 0,
      "9": 0,
      "10": 0,
      "11": 0,
      "12": 0,
      "13": 0,
      "14": 0,
      "15": 0,
      "16": 0,
      "17": 0,
      "18": 0,
      "19": 0,
      "20": 0,
      "21": 0,
      "22": 0,
      "23": 0,
      "24": 0,
      "25": 0,
      "26": 0,
      "27": 0,
      "28": 0,
      "29": 0,
      "30": 0,
      "31": 0,
      "32": 0,
      "33": 0,
      "34": 0,
      "35": 0,
      "36": 0,
      "37": 0,
      "38": 0,
      "39": 0,
      "40": 0,
      "41": 0,
      "42": 0,
      "43": 0,
      "44": 0,
      "45": 0,
      "46": 0,
      "47": 0,
      "48": 0,
      "49": 0,
      "50": 0
    },
    "f": { "0": 0, "1": 0, "2": 0, "3": 0 },
    "b": {
      "0": [0, 0],
      "1": [0],
      "2": [0],
      "3": [0],
      "4": [0],
      "5": [0],
      "6": [0, 0],
      "7": [0, 0],
      "8": [0, 0],
      "9": [0, 0],
      "10": [0, 0, 0],
      "11": [0, 0],
      "12": [0, 0],
      "13": [0, 0],
      "14": [0, 0],
      "15": [0, 0],
      "16": [0, 0, 0, 0, 0, 0, 0],
      "17": [0, 0],
      "18": [0, 0],
      "19": [0, 0],
      "20": [0, 0],
      "21": [0, 0],
      "22": [0, 0],
      "23": [0, 0]
    },
    "_coverageSchema": "1a1c01bbd47fc00a2c39e90264f33305004495a9",
    "hash": "8788ebaf945dc0a8d1bb3a321dc79e8a1da16c8d"
  },
  "/Users/dannv/Workspace/TECHGEN/expo-project-example/src/lib/axios.ts": {
    "path": "/Users/dannv/Workspace/TECHGEN/expo-project-example/src/lib/axios.ts",
    "statementMap": {
      "0": {
        "start": { "line": 10, "column": 18 },
        "end": { "line": 17, "column": 2 }
      },
      "1": {
        "start": { "line": 20, "column": 0 },
        "end": { "line": 45, "column": 2 }
      },
      "2": {
        "start": { "line": 22, "column": 18 },
        "end": { "line": 22, "column": 47 }
      },
      "3": {
        "start": { "line": 23, "column": 4 },
        "end": { "line": 25, "column": 5 }
      },
      "4": {
        "start": { "line": 24, "column": 6 },
        "end": { "line": 24, "column": 55 }
      },
      "5": {
        "start": { "line": 28, "column": 4 },
        "end": { "line": 36, "column": 5 }
      },
      "6": {
        "start": { "line": 29, "column": 6 },
        "end": { "line": 35, "column": 8 }
      },
      "7": {
        "start": { "line": 38, "column": 4 },
        "end": { "line": 38, "column": 18 }
      },
      "8": {
        "start": { "line": 41, "column": 21 },
        "end": { "line": 41, "column": 47 }
      },
      "9": {
        "start": { "line": 42, "column": 4 },
        "end": { "line": 42, "column": 54 }
      },
      "10": {
        "start": { "line": 43, "column": 4 },
        "end": { "line": 43, "column": 36 }
      },
      "11": {
        "start": { "line": 48, "column": 0 },
        "end": { "line": 92, "column": 2 }
      },
      "12": {
        "start": { "line": 50, "column": 4 },
        "end": { "line": 58, "column": 5 }
      },
      "13": {
        "start": { "line": 51, "column": 6 },
        "end": { "line": 57, "column": 8 }
      },
      "14": {
        "start": { "line": 59, "column": 4 },
        "end": { "line": 59, "column": 20 }
      },
      "15": {
        "start": { "line": 63, "column": 4 },
        "end": { "line": 70, "column": 5 }
      },
      "16": {
        "start": { "line": 64, "column": 27 },
        "end": { "line": 67, "column": 7 }
      },
      "17": {
        "start": { "line": 68, "column": 6 },
        "end": { "line": 68, "column": 54 }
      },
      "18": {
        "start": { "line": 69, "column": 6 },
        "end": { "line": 69, "column": 42 }
      },
      "19": {
        "start": { "line": 73, "column": 4 },
        "end": { "line": 80, "column": 5 }
      },
      "20": {
        "start": { "line": 74, "column": 27 },
        "end": { "line": 77, "column": 7 }
      },
      "21": {
        "start": { "line": 78, "column": 6 },
        "end": { "line": 78, "column": 54 }
      },
      "22": {
        "start": { "line": 79, "column": 6 },
        "end": { "line": 79, "column": 42 }
      },
      "23": {
        "start": { "line": 83, "column": 4 },
        "end": { "line": 85, "column": 5 }
      },
      "24": {
        "start": { "line": 84, "column": 6 },
        "end": { "line": 84, "column": 40 }
      },
      "25": {
        "start": { "line": 88, "column": 21 },
        "end": { "line": 88, "column": 47 }
      },
      "26": {
        "start": { "line": 89, "column": 4 },
        "end": { "line": 89, "column": 55 }
      },
      "27": {
        "start": { "line": 90, "column": 4 },
        "end": { "line": 90, "column": 36 }
      },
      "28": {
        "start": { "line": 97, "column": 23 },
        "end": { "line": 106, "column": 1 }
      },
      "29": {
        "start": { "line": 100, "column": 2 },
        "end": { "line": 105, "column": 3 }
      },
      "30": {
        "start": { "line": 101, "column": 21 },
        "end": { "line": 101, "column": 36 }
      },
      "31": {
        "start": { "line": 102, "column": 4 },
        "end": { "line": 102, "column": 25 }
      },
      "32": {
        "start": { "line": 104, "column": 4 },
        "end": { "line": 104, "column": 37 }
      },
      "33": {
        "start": { "line": 111, "column": 19 },
        "end": { "line": 116, "column": 1 }
      },
      "34": {
        "start": { "line": 115, "column": 2 },
        "end": { "line": 115, "column": 54 }
      },
      "35": {
        "start": { "line": 115, "column": 26 },
        "end": { "line": 115, "column": 52 }
      },
      "36": {
        "start": { "line": 121, "column": 20 },
        "end": { "line": 127, "column": 1 }
      },
      "37": {
        "start": { "line": 126, "column": 2 },
        "end": { "line": 126, "column": 61 }
      },
      "38": {
        "start": { "line": 126, "column": 26 },
        "end": { "line": 126, "column": 59 }
      },
      "39": {
        "start": { "line": 132, "column": 19 },
        "end": { "line": 138, "column": 1 }
      },
      "40": {
        "start": { "line": 137, "column": 2 },
        "end": { "line": 137, "column": 60 }
      },
      "41": {
        "start": { "line": 137, "column": 26 },
        "end": { "line": 137, "column": 58 }
      },
      "42": {
        "start": { "line": 143, "column": 21 },
        "end": { "line": 149, "column": 1 }
      },
      "43": {
        "start": { "line": 148, "column": 2 },
        "end": { "line": 148, "column": 62 }
      },
      "44": {
        "start": { "line": 148, "column": 26 },
        "end": { "line": 148, "column": 60 }
      },
      "45": {
        "start": { "line": 154, "column": 19 },
        "end": { "line": 159, "column": 1 }
      },
      "46": {
        "start": { "line": 158, "column": 2 },
        "end": { "line": 158, "column": 57 }
      },
      "47": {
        "start": { "line": 158, "column": 26 },
        "end": { "line": 158, "column": 55 }
      }
    },
    "fnMap": {
      "0": {
        "name": "(anonymous_0)",
        "decl": {
          "start": { "line": 21, "column": 2 },
          "end": { "line": 21, "column": 3 }
        },
        "loc": {
          "start": { "line": 21, "column": 42 },
          "end": { "line": 39, "column": 3 }
        },
        "line": 21
      },
      "1": {
        "name": "(anonymous_1)",
        "decl": {
          "start": { "line": 40, "column": 2 },
          "end": { "line": 40, "column": 3 }
        },
        "loc": {
          "start": { "line": 40, "column": 25 },
          "end": { "line": 44, "column": 3 }
        },
        "line": 40
      },
      "2": {
        "name": "(anonymous_2)",
        "decl": {
          "start": { "line": 49, "column": 2 },
          "end": { "line": 49, "column": 3 }
        },
        "loc": {
          "start": { "line": 49, "column": 31 },
          "end": { "line": 60, "column": 3 }
        },
        "line": 49
      },
      "3": {
        "name": "(anonymous_3)",
        "decl": {
          "start": { "line": 61, "column": 2 },
          "end": { "line": 61, "column": 3 }
        },
        "loc": {
          "start": { "line": 61, "column": 25 },
          "end": { "line": 91, "column": 3 }
        },
        "line": 61
      },
      "4": {
        "name": "(anonymous_4)",
        "decl": {
          "start": { "line": 97, "column": 23 },
          "end": { "line": 97, "column": 24 }
        },
        "loc": {
          "start": { "line": 99, "column": 17 },
          "end": { "line": 106, "column": 1 }
        },
        "line": 99
      },
      "5": {
        "name": "(anonymous_5)",
        "decl": {
          "start": { "line": 111, "column": 19 },
          "end": { "line": 111, "column": 20 }
        },
        "loc": {
          "start": { "line": 114, "column": 17 },
          "end": { "line": 116, "column": 1 }
        },
        "line": 114
      },
      "6": {
        "name": "(anonymous_6)",
        "decl": {
          "start": { "line": 115, "column": 20 },
          "end": { "line": 115, "column": 21 }
        },
        "loc": {
          "start": { "line": 115, "column": 26 },
          "end": { "line": 115, "column": 52 }
        },
        "line": 115
      },
      "7": {
        "name": "(anonymous_7)",
        "decl": {
          "start": { "line": 121, "column": 20 },
          "end": { "line": 121, "column": 21 }
        },
        "loc": {
          "start": { "line": 125, "column": 17 },
          "end": { "line": 127, "column": 1 }
        },
        "line": 125
      },
      "8": {
        "name": "(anonymous_8)",
        "decl": {
          "start": { "line": 126, "column": 20 },
          "end": { "line": 126, "column": 21 }
        },
        "loc": {
          "start": { "line": 126, "column": 26 },
          "end": { "line": 126, "column": 59 }
        },
        "line": 126
      },
      "9": {
        "name": "(anonymous_9)",
        "decl": {
          "start": { "line": 132, "column": 19 },
          "end": { "line": 132, "column": 20 }
        },
        "loc": {
          "start": { "line": 136, "column": 17 },
          "end": { "line": 138, "column": 1 }
        },
        "line": 136
      },
      "10": {
        "name": "(anonymous_10)",
        "decl": {
          "start": { "line": 137, "column": 20 },
          "end": { "line": 137, "column": 21 }
        },
        "loc": {
          "start": { "line": 137, "column": 26 },
          "end": { "line": 137, "column": 58 }
        },
        "line": 137
      },
      "11": {
        "name": "(anonymous_11)",
        "decl": {
          "start": { "line": 143, "column": 21 },
          "end": { "line": 143, "column": 22 }
        },
        "loc": {
          "start": { "line": 147, "column": 17 },
          "end": { "line": 149, "column": 1 }
        },
        "line": 147
      },
      "12": {
        "name": "(anonymous_12)",
        "decl": {
          "start": { "line": 148, "column": 20 },
          "end": { "line": 148, "column": 21 }
        },
        "loc": {
          "start": { "line": 148, "column": 26 },
          "end": { "line": 148, "column": 60 }
        },
        "line": 148
      },
      "13": {
        "name": "(anonymous_13)",
        "decl": {
          "start": { "line": 154, "column": 19 },
          "end": { "line": 154, "column": 20 }
        },
        "loc": {
          "start": { "line": 157, "column": 17 },
          "end": { "line": 159, "column": 1 }
        },
        "line": 157
      },
      "14": {
        "name": "(anonymous_14)",
        "decl": {
          "start": { "line": 158, "column": 20 },
          "end": { "line": 158, "column": 21 }
        },
        "loc": {
          "start": { "line": 158, "column": 26 },
          "end": { "line": 158, "column": 55 }
        },
        "line": 158
      }
    },
    "branchMap": {
      "0": {
        "loc": {
          "start": { "line": 11, "column": 11 },
          "end": { "line": 11, "column": 71 }
        },
        "type": "binary-expr",
        "locations": [
          {
            "start": { "line": 11, "column": 11 },
            "end": { "line": 11, "column": 42 }
          },
          {
            "start": { "line": 11, "column": 46 },
            "end": { "line": 11, "column": 71 }
          }
        ],
        "line": 11
      },
      "1": {
        "loc": {
          "start": { "line": 23, "column": 4 },
          "end": { "line": 25, "column": 5 }
        },
        "type": "if",
        "locations": [
          {
            "start": { "line": 23, "column": 4 },
            "end": { "line": 25, "column": 5 }
          },
          { "start": {}, "end": {} }
        ],
        "line": 23
      },
      "2": {
        "loc": {
          "start": { "line": 23, "column": 8 },
          "end": { "line": 23, "column": 31 }
        },
        "type": "binary-expr",
        "locations": [
          {
            "start": { "line": 23, "column": 8 },
            "end": { "line": 23, "column": 13 }
          },
          {
            "start": { "line": 23, "column": 17 },
            "end": { "line": 23, "column": 31 }
          }
        ],
        "line": 23
      },
      "3": {
        "loc": {
          "start": { "line": 28, "column": 4 },
          "end": { "line": 36, "column": 5 }
        },
        "type": "if",
        "locations": [
          {
            "start": { "line": 28, "column": 4 },
            "end": { "line": 36, "column": 5 }
          },
          { "start": {}, "end": {} }
        ],
        "line": 28
      },
      "4": {
        "loc": {
          "start": { "line": 50, "column": 4 },
          "end": { "line": 58, "column": 5 }
        },
        "type": "if",
        "locations": [
          {
            "start": { "line": 50, "column": 4 },
            "end": { "line": 58, "column": 5 }
          },
          { "start": {}, "end": {} }
        ],
        "line": 50
      },
      "5": {
        "loc": {
          "start": { "line": 63, "column": 4 },
          "end": { "line": 70, "column": 5 }
        },
        "type": "if",
        "locations": [
          {
            "start": { "line": 63, "column": 4 },
            "end": { "line": 70, "column": 5 }
          },
          { "start": {}, "end": {} }
        ],
        "line": 63
      },
      "6": {
        "loc": {
          "start": { "line": 63, "column": 8 },
          "end": { "line": 63, "column": 41 }
        },
        "type": "binary-expr",
        "locations": [
          {
            "start": { "line": 63, "column": 8 },
            "end": { "line": 63, "column": 23 }
          },
          {
            "start": { "line": 63, "column": 27 },
            "end": { "line": 63, "column": 41 }
          }
        ],
        "line": 63
      },
      "7": {
        "loc": {
          "start": { "line": 73, "column": 4 },
          "end": { "line": 80, "column": 5 }
        },
        "type": "if",
        "locations": [
          {
            "start": { "line": 73, "column": 4 },
            "end": { "line": 80, "column": 5 }
          },
          { "start": {}, "end": {} }
        ],
        "line": 73
      },
      "8": {
        "loc": {
          "start": { "line": 83, "column": 4 },
          "end": { "line": 85, "column": 5 }
        },
        "type": "if",
        "locations": [
          {
            "start": { "line": 83, "column": 4 },
            "end": { "line": 85, "column": 5 }
          },
          { "start": {}, "end": {} }
        ],
        "line": 83
      }
    },
    "s": {
      "0": 1,
      "1": 1,
      "2": 0,
      "3": 0,
      "4": 0,
      "5": 0,
      "6": 0,
      "7": 0,
      "8": 0,
      "9": 0,
      "10": 0,
      "11": 1,
      "12": 0,
      "13": 0,
      "14": 0,
      "15": 0,
      "16": 0,
      "17": 0,
      "18": 0,
      "19": 0,
      "20": 0,
      "21": 0,
      "22": 0,
      "23": 0,
      "24": 0,
      "25": 0,
      "26": 0,
      "27": 0,
      "28": 1,
      "29": 0,
      "30": 0,
      "31": 0,
      "32": 0,
      "33": 1,
      "34": 0,
      "35": 0,
      "36": 1,
      "37": 0,
      "38": 0,
      "39": 1,
      "40": 0,
      "41": 0,
      "42": 1,
      "43": 0,
      "44": 0,
      "45": 1,
      "46": 0,
      "47": 0
    },
    "f": {
      "0": 0,
      "1": 0,
      "2": 0,
      "3": 0,
      "4": 0,
      "5": 0,
      "6": 0,
      "7": 0,
      "8": 0,
      "9": 0,
      "10": 0,
      "11": 0,
      "12": 0,
      "13": 0,
      "14": 0
    },
    "b": {
      "0": [1, 1],
      "1": [0, 0],
      "2": [0, 0],
      "3": [0, 0],
      "4": [0, 0],
      "5": [0, 0],
      "6": [0, 0],
      "7": [0, 0],
      "8": [0, 0]
    },
    "_coverageSchema": "1a1c01bbd47fc00a2c39e90264f33305004495a9",
    "hash": "321010221dc73e2e8b358ded2ada13084a922a6a"
  },
  "/Users/dannv/Workspace/TECHGEN/expo-project-example/src/lib/error-handler.ts": {
    "path": "/Users/dannv/Workspace/TECHGEN/expo-project-example/src/lib/error-handler.ts",
    "statementMap": {
      "0": {
        "start": { "line": 20, "column": 4 },
        "end": { "line": 20, "column": 19 }
      },
      "1": {
        "start": { "line": 21, "column": 4 },
        "end": { "line": 21, "column": 27 }
      },
      "2": {
        "start": { "line": 22, "column": 4 },
        "end": { "line": 22, "column": 25 }
      },
      "3": {
        "start": { "line": 23, "column": 4 },
        "end": { "line": 23, "column": 21 }
      },
      "4": {
        "start": { "line": 24, "column": 4 },
        "end": { "line": 24, "column": 27 }
      },
      "5": {
        "start": { "line": 25, "column": 4 },
        "end": { "line": 25, "column": 46 }
      },
      "6": {
        "start": { "line": 28, "column": 4 },
        "end": { "line": 30, "column": 5 }
      },
      "7": {
        "start": { "line": 29, "column": 6 },
        "end": { "line": 29, "column": 46 }
      },
      "8": {
        "start": { "line": 37, "column": 4 },
        "end": { "line": 45, "column": 6 }
      },
      "9": {
        "start": { "line": 53, "column": 4 },
        "end": { "line": 76, "column": 5 }
      },
      "10": {
        "start": { "line": 55, "column": 8 },
        "end": { "line": 55, "column": 73 }
      },
      "11": {
        "start": { "line": 57, "column": 8 },
        "end": { "line": 57, "column": 65 }
      },
      "12": {
        "start": { "line": 59, "column": 8 },
        "end": { "line": 59, "column": 68 }
      },
      "13": {
        "start": { "line": 61, "column": 8 },
        "end": { "line": 61, "column": 55 }
      },
      "14": {
        "start": { "line": 63, "column": 8 },
        "end": { "line": 63, "column": 91 }
      },
      "15": {
        "start": { "line": 65, "column": 8 },
        "end": { "line": 65, "column": 84 }
      },
      "16": {
        "start": { "line": 67, "column": 8 },
        "end": { "line": 67, "column": 72 }
      },
      "17": {
        "start": { "line": 69, "column": 8 },
        "end": { "line": 69, "column": 55 }
      },
      "18": {
        "start": { "line": 73, "column": 8 },
        "end": { "line": 73, "column": 74 }
      },
      "19": {
        "start": { "line": 75, "column": 8 },
        "end": { "line": 75, "column": 63 }
      },
      "20": {
        "start": { "line": 83, "column": 4 },
        "end": { "line": 83, "column": 51 }
      },
      "21": {
        "start": { "line": 90, "column": 4 },
        "end": { "line": 90, "column": 30 }
      },
      "22": {
        "start": { "line": 97, "column": 4 },
        "end": { "line": 97, "column": 62 }
      },
      "23": {
        "start": { "line": 104, "column": 4 },
        "end": { "line": 104, "column": 54 }
      },
      "24": {
        "start": { "line": 113, "column": 4 },
        "end": { "line": 113, "column": 48 }
      },
      "25": {
        "start": { "line": 114, "column": 4 },
        "end": { "line": 114, "column": 31 }
      },
      "26": {
        "start": { "line": 123, "column": 4 },
        "end": { "line": 123, "column": 53 }
      },
      "27": {
        "start": { "line": 124, "column": 4 },
        "end": { "line": 124, "column": 34 }
      },
      "28": {
        "start": { "line": 133, "column": 4 },
        "end": { "line": 133, "column": 47 }
      },
      "29": {
        "start": { "line": 134, "column": 4 },
        "end": { "line": 134, "column": 38 }
      },
      "30": {
        "start": { "line": 143, "column": 4 },
        "end": { "line": 143, "column": 56 }
      },
      "31": {
        "start": { "line": 144, "column": 4 },
        "end": { "line": 144, "column": 37 }
      },
      "32": {
        "start": { "line": 153, "column": 4 },
        "end": { "line": 153, "column": 46 }
      },
      "33": {
        "start": { "line": 154, "column": 4 },
        "end": { "line": 154, "column": 32 }
      },
      "34": {
[...]
        "line": 15
      },
      "1": {
        "loc": {
          "start": { "line": 15, "column": 6 },
          "end": { "line": 15, "column": 41 }
        },
        "type": "binary-expr",
        "locations": [
          {
            "start": { "line": 15, "column": 6 },
            "end": { "line": 15, "column": 12 }
          },
          {
            "start": { "line": 15, "column": 16 },
            "end": { "line": 15, "column": 41 }
          }
        ],
        "line": 15
      },
      "2": {
        "loc": {
          "start": { "line": 23, "column": 9 },
          "end": { "line": 23, "column": 61 }
        },
        "type": "binary-expr",
        "locations": [
          {
            "start": { "line": 23, "column": 9 },
            "end": { "line": 23, "column": 38 }
          },
          {
            "start": { "line": 23, "column": 42 },
            "end": { "line": 23, "column": 61 }
          }
        ],
        "line": 23
      },
      "3": {
        "loc": {
          "start": { "line": 38, "column": 2 },
          "end": { "line": 41, "column": 3 }
        },
        "type": "if",
        "locations": [
          {
            "start": { "line": 38, "column": 2 },
            "end": { "line": 41, "column": 3 }
          },
          { "start": {}, "end": {} }
        ],
        "line": 38
      },
      "4": {
        "loc": {
          "start": { "line": 38, "column": 6 },
          "end": { "line": 38, "column": 47 }
        },
        "type": "binary-expr",
        "locations": [
          {
            "start": { "line": 38, "column": 6 },
            "end": { "line": 38, "column": 15 }
          },
          {
            "start": { "line": 38, "column": 19 },
            "end": { "line": 38, "column": 47 }
          }
        ],
        "line": 38
      },
      "5": {
        "loc": {
          "start": { "line": 43, "column": 2 },
          "end": { "line": 45, "column": 3 }
        },
        "type": "if",
        "locations": [
          {
            "start": { "line": 43, "column": 2 },
            "end": { "line": 45, "column": 3 }
          },
          { "start": {}, "end": {} }
        ],
        "line": 43
      },
      "6": {
        "loc": {
          "start": { "line": 47, "column": 2 },
          "end": { "line": 49, "column": 3 }
        },
        "type": "if",
        "locations": [
          {
            "start": { "line": 47, "column": 2 },
            "end": { "line": 49, "column": 3 }
          },
          { "start": {}, "end": {} }
        ],
        "line": 47
      },
      "7": {
        "loc": {
          "start": { "line": 51, "column": 2 },
          "end": { "line": 53, "column": 3 }
        },
        "type": "if",
        "locations": [
          {
            "start": { "line": 51, "column": 2 },
            "end": { "line": 53, "column": 3 }
          },
          { "start": {}, "end": {} }
        ],
        "line": 51
      },
      "8": {
        "loc": {
          "start": { "line": 55, "column": 2 },
          "end": { "line": 57, "column": 3 }
        },
        "type": "if",
        "locations": [
          {
            "start": { "line": 55, "column": 2 },
            "end": { "line": 57, "column": 3 }
          },
          { "start": {}, "end": {} }
        ],
        "line": 55
      },
      "9": {
        "loc": {
          "start": { "line": 59, "column": 2 },
          "end": { "line": 61, "column": 3 }
        },
        "type": "if",
        "locations": [
          {
            "start": { "line": 59, "column": 2 },
            "end": { "line": 61, "column": 3 }
          },
          { "start": {}, "end": {} }
        ],
        "line": 59
      },
      "10": {
        "loc": {
          "start": { "line": 63, "column": 2 },
          "end": { "line": 65, "column": 3 }
        },
        "type": "if",
        "locations": [
          {
            "start": { "line": 63, "column": 2 },
            "end": { "line": 65, "column": 3 }
          },
          { "start": {}, "end": {} }
        ],
        "line": 63
      },
      "11": {
        "loc": {
          "start": { "line": 67, "column": 2 },
          "end": { "line": 69, "column": 3 }
        },
        "type": "if",
        "locations": [
          {
            "start": { "line": 67, "column": 2 },
            "end": { "line": 69, "column": 3 }
          },
          { "start": {}, "end": {} }
        ],
        "line": 67
      },
      "12": {
        "loc": {
          "start": { "line": 85, "column": 2 },
          "end": { "line": 87, "column": 3 }
        },
        "type": "if",
        "locations": [
          {
            "start": { "line": 85, "column": 2 },
            "end": { "line": 87, "column": 3 }
          },
          { "start": {}, "end": {} }
        ],
        "line": 85
      },
      "13": {
        "loc": {
          "start": { "line": 99, "column": 2 },
          "end": { "line": 101, "column": 3 }
        },
        "type": "if",
        "locations": [
          {
            "start": { "line": 99, "column": 2 },
            "end": { "line": 101, "column": 3 }
          },
          { "start": {}, "end": {} }
        ],
        "line": 99
      },
      "14": {
        "loc": {
          "start": { "line": 99, "column": 6 },
          "end": { "line": 99, "column": 41 }
        },
        "type": "binary-expr",
        "locations": [
          {
            "start": { "line": 99, "column": 6 },
            "end": { "line": 99, "column": 12 }
          },
          {
            "start": { "line": 99, "column": 16 },
            "end": { "line": 99, "column": 41 }
          }
        ],
        "line": 99
      },
      "15": {
        "loc": {
          "start": { "line": 107, "column": 9 },
          "end": { "line": 107, "column": 63 }
        },
        "type": "binary-expr",
        "locations": [
          {
            "start": { "line": 107, "column": 9 },
            "end": { "line": 107, "column": 34 }
          },
          {
            "start": { "line": 107, "column": 38 },
            "end": { "line": 107, "column": 63 }
          }
        ],
        "line": 107
      },
      "16": {
        "loc": {
          "start": { "line": 119, "column": 2 },
          "end": { "line": 122, "column": 3 }
        },
        "type": "if",
        "locations": [
          {
            "start": { "line": 119, "column": 2 },
            "end": { "line": 122, "column": 3 }
          },
          { "start": {}, "end": {} }
        ],
        "line": 119
      },
      "17": {
        "loc": {
          "start": { "line": 119, "column": 6 },
          "end": { "line": 119, "column": 47 }
        },
        "type": "binary-expr",
        "locations": [
          {
            "start": { "line": 119, "column": 6 },
            "end": { "line": 119, "column": 15 }
          },
          {
            "start": { "line": 119, "column": 19 },
            "end": { "line": 119, "column": 47 }
          }
        ],
        "line": 119
      },
      "18": {
        "loc": {
          "start": { "line": 124, "column": 2 },
          "end": { "line": 126, "column": 3 }
        },
        "type": "if",
        "locations": [
          {
            "start": { "line": 124, "column": 2 },
            "end": { "line": 126, "column": 3 }
          },
          { "start": {}, "end": {} }
        ],
        "line": 124
      },
      "19": {
        "loc": {
          "start": { "line": 128, "column": 2 },
          "end": { "line": 130, "column": 3 }
        },
        "type": "if",
        "locations": [
          {
            "start": { "line": 128, "column": 2 },
            "end": { "line": 130, "column": 3 }
          },
          { "start": {}, "end": {} }
        ],
        "line": 128
      },
      "20": {
        "loc": {
          "start": { "line": 133, "column": 2 },
          "end": { "line": 137, "column": 3 }
        },
        "type": "if",
        "locations": [
          {
            "start": { "line": 133, "column": 2 },
            "end": { "line": 137, "column": 3 }
          },
          { "start": {}, "end": {} }
        ],
        "line": 133
      },
      "21": {
        "loc": {
          "start": { "line": 149, "column": 2 },
          "end": { "line": 151, "column": 3 }
        },
        "type": "if",
        "locations": [
          {
            "start": { "line": 149, "column": 2 },
            "end": { "line": 151, "column": 3 }
          },
          { "start": {}, "end": {} }
        ],
        "line": 149
      },
      "22": {
        "loc": {
          "start": { "line": 149, "column": 6 },
          "end": { "line": 149, "column": 37 }
        },
        "type": "binary-expr",
        "locations": [
          {
            "start": { "line": 149, "column": 6 },
            "end": { "line": 149, "column": 10 }
          },
          {
            "start": { "line": 149, "column": 14 },
            "end": { "line": 149, "column": 37 }
          }
        ],
        "line": 149
      },
      "23": {
        "loc": {
          "start": { "line": 165, "column": 2 },
          "end": { "line": 167, "column": 3 }
        },
        "type": "if",
        "locations": [
          {
            "start": { "line": 165, "column": 2 },
            "end": { "line": 167, "column": 3 }
          },
          { "start": {}, "end": {} }
        ],
        "line": 165
      },
      "24": {
        "loc": {
          "start": { "line": 165, "column": 6 },
          "end": { "line": 165, "column": 39 }
        },
        "type": "binary-expr",
        "locations": [
          {
            "start": { "line": 165, "column": 6 },
            "end": { "line": 165, "column": 11 }
          },
          {
            "start": { "line": 165, "column": 15 },
            "end": { "line": 165, "column": 39 }
          }
        ],
        "line": 165
      },
      "25": {
        "loc": {
          "start": { "line": 171, "column": 4 },
          "end": { "line": 171, "column": 76 }
        },
        "type": "binary-expr",
        "locations": [
          {
            "start": { "line": 171, "column": 4 },
            "end": { "line": 171, "column": 32 }
          },
          {
            "start": { "line": 171, "column": 36 },
            "end": { "line": 171, "column": 76 }
          }
        ],
        "line": 171
      },
      "26": {
        "loc": {
          "start": { "line": 179, "column": 2 },
          "end": { "line": 181, "column": 3 }
        },
        "type": "if",
        "locations": [
          {
            "start": { "line": 179, "column": 2 },
            "end": { "line": 181, "column": 3 }
          },
          { "start": {}, "end": {} }
        ],
        "line": 179
      },
      "27": {
        "loc": {
          "start": { "line": 179, "column": 6 },
          "end": { "line": 179, "column": 51 }
        },
        "type": "binary-expr",
        "locations": [
          {
            "start": { "line": 179, "column": 6 },
            "end": { "line": 179, "column": 17 }
          },
          {
            "start": { "line": 179, "column": 21 },
            "end": { "line": 179, "column": 51 }
          }
        ],
        "line": 179
      },
      "28": {
        "loc": {
          "start": { "line": 187, "column": 2 },
          "end": { "line": 193, "column": 3 }
        },
        "type": "if",
        "locations": [
          {
            "start": { "line": 187, "column": 2 },
            "end": { "line": 193, "column": 3 }
          },
          { "start": {}, "end": {} }
        ],
        "line": 187
      },
      "29": {
        "loc": {
          "start": { "line": 188, "column": 4 },
          "end": { "line": 190, "column": 29 }
        },
        "type": "binary-expr",
        "locations": [
          {
            "start": { "line": 188, "column": 4 },
            "end": { "line": 188, "column": 32 }
          },
          {
            "start": { "line": 189, "column": 4 },
            "end": { "line": 189, "column": 29 }
          },
          {
            "start": { "line": 190, "column": 4 },
            "end": { "line": 190, "column": 29 }
          }
        ],
        "line": 188
      },
      "30": {
        "loc": {
          "start": { "line": 202, "column": 4 },
          "end": { "line": 207, "column": 5 }
        },
        "type": "if",
        "locations": [
          {
            "start": { "line": 202, "column": 4 },
            "end": { "line": 207, "column": 5 }
          },
          { "start": {}, "end": {} }
        ],
        "line": 202
      },
      "31": {
        "loc": {
          "start": { "line": 204, "column": 6 },
          "end": { "line": 206, "column": 7 }
        },
        "type": "if",
        "locations": [
          {
            "start": { "line": 204, "column": 6 },
            "end": { "line": 206, "column": 7 }
          },
          { "start": {}, "end": {} }
        ],
        "line": 204
      },
      "32": {
        "loc": {
          "start": { "line": 231, "column": 2 },
          "end": { "line": 236, "column": 3 }
        },
        "type": "if",
        "locations": [
          {
            "start": { "line": 231, "column": 2 },
            "end": { "line": 236, "column": 3 }
          },
          { "start": {}, "end": {} }
        ],
        "line": 231
      },
      "33": {
        "loc": {
          "start": { "line": 231, "column": 6 },
          "end": { "line": 231, "column": 41 }
        },
        "type": "binary-expr",
        "locations": [
          {
            "start": { "line": 231, "column": 6 },
            "end": { "line": 231, "column": 12 }
          },
          {
            "start": { "line": 231, "column": 16 },
            "end": { "line": 231, "column": 41 }
          }
        ],
        "line": 231
      },
      "34": {
        "loc": {
          "start": { "line": 232, "column": 4 },
          "end": { "line": 234, "column": 5 }
        },
        "type": "if",
        "locations": [
          {
            "start": { "line": 232, "column": 4 },
            "end": { "line": 234, "column": 5 }
          },
          { "start": {}, "end": {} }
        ],
        "line": 232
      },
      "35": {
        "loc": {
          "start": { "line": 238, "column": 2 },
          "end": { "line": 240, "column": 3 }
        },
        "type": "if",
        "locations": [
          {
            "start": { "line": 238, "column": 2 },
            "end": { "line": 240, "column": 3 }
          },
          { "start": {}, "end": {} }
        ],
        "line": 238
      },
      "36": {
        "loc": {
          "start": { "line": 238, "column": 6 },
          "end": { "line": 238, "column": 55 }
        },
        "type": "binary-expr",
        "locations": [
          {
            "start": { "line": 238, "column": 6 },
            "end": { "line": 238, "column": 21 }
          },
          {
            "start": { "line": 238, "column": 25 },
            "end": { "line": 238, "column": 55 }
          }
        ],
        "line": 238
      },
      "37": {
        "loc": {
          "start": { "line": 242, "column": 2 },
          "end": { "line": 244, "column": 3 }
        },
        "type": "if",
        "locations": [
          {
            "start": { "line": 242, "column": 2 },
            "end": { "line": 244, "column": 3 }
          },
          { "start": {}, "end": {} }
        ],
        "line": 242
      },
      "38": {
        "loc": {
          "start": { "line": 242, "column": 6 },
          "end": { "line": 242, "column": 55 }
        },
        "type": "binary-expr",
        "locations": [
          {
            "start": { "line": 242, "column": 6 },
            "end": { "line": 242, "column": 21 }
          },
          {
            "start": { "line": 242, "column": 25 },
            "end": { "line": 242, "column": 55 }
          }
        ],
        "line": 242
      },
      "39": {
        "loc": {
          "start": { "line": 246, "column": 2 },
          "end": { "line": 248, "column": 3 }
        },
        "type": "if",
        "locations": [
          {
            "start": { "line": 246, "column": 2 },
            "end": { "line": 248, "column": 3 }
          },
          { "start": {}, "end": {} }
        ],
        "line": 246
      },
      "40": {
        "loc": {
          "start": { "line": 246, "column": 6 },
          "end": { "line": 246, "column": 49 }
        },
        "type": "binary-expr",
        "locations": [
          {
            "start": { "line": 246, "column": 6 },
            "end": { "line": 246, "column": 19 }
          },
          {
            "start": { "line": 246, "column": 23 },
            "end": { "line": 246, "column": 49 }
          }
        ],
        "line": 246
      },
      "41": {
        "loc": {
          "start": { "line": 250, "column": 2 },
          "end": { "line": 255, "column": 3 }
        },
        "type": "if",
        "locations": [
          {
            "start": { "line": 250, "column": 2 },
            "end": { "line": 255, "column": 3 }
          },
          { "start": {}, "end": {} }
        ],
        "line": 250
      },
      "42": {
        "loc": {
          "start": { "line": 252, "column": 4 },
          "end": { "line": 254, "column": 5 }
        },
        "type": "if",
        "locations": [
          {
            "start": { "line": 252, "column": 4 },
            "end": { "line": 254, "column": 5 }
          },
          { "start": {}, "end": {} }
        ],
        "line": 252
      }
    },
    "s": {
      "0": 0,
      "1": 0,
      "2": 0,
      "3": 0,
      "4": 0,
      "5": 0,
      "6": 0,
      "7": 0,
      "8": 0,
      "9": 0,
      "10": 0,
      "11": 0,
      "12": 0,
      "13": 0,
      "14": 0,
      "15": 0,
      "16": 0,
      "17": 0,
      "18": 0,
      "19": 0,
      "20": 0,
      "21": 0,
      "22": 0,
      "23": 0,
      "24": 0,
      "25": 0,
      "26": 0,
      "27": 0,
      "28": 0,
      "29": 0,
      "30": 0,
      "31": 0,
      "32": 0,
      "33": 0,
      "34": 0,
      "35": 0,
      "36": 0,
      "37": 0,
      "38": 0,
      "39": 0,
      "40": 0,
      "41": 0,
      "42": 0,
      "43": 0,
      "44": 0,
      "45": 0,
      "46": 0,
      "47": 0,
      "48": 0,
      "49": 0,
      "50": 0,
      "51": 0,
      "52": 0,
      "53": 0,
      "54": 0,
      "55": 0,
      "56": 0,
      "57": 0,
      "58": 0,
      "59": 0,
      "60": 0,
      "61": 0,
      "62": 0,
      "63": 0,
      "64": 0,
      "65": 0,
      "66": 0,
      "67": 0,
      "68": 0,
      "69": 0,
      "70": 0,
      "71": 0,
      "72": 0,
      "73": 0,
      "74": 0,
      "75": 0,
      "76": 0,
      "77": 0,
      "78": 0,
      "79": 0,
      "80": 0,
      "81": 0,
      "82": 0,
      "83": 0,
      "84": 0,
      "85": 0,
      "86": 0,
      "87": 0,
      "88": 0,
      "89": 0,
      "90": 0,
      "91": 0,
      "92": 0
    },
    "f": { "0": 0, "1": 0, "2": 0, "3": 0, "4": 0, "5": 0, "6": 0, "7": 0 },
    "b": {
      "0": [0, 0],
      "1": [0, 0],
      "2": [0, 0],
      "3": [0, 0],
      "4": [0, 0],
      "5": [0, 0],
      "6": [0, 0],
      "7": [0, 0],
      "8": [0, 0],
      "9": [0, 0],
      "10": [0, 0],
      "11": [0, 0],
      "12": [0, 0],
      "13": [0, 0],
      "14": [0, 0],
      "15": [0, 0],
      "16": [0, 0],
      "17": [0, 0],
      "18": [0, 0],
      "19": [0, 0],
      "20": [0, 0],
      "21": [0, 0],
      "22": [0, 0],
      "23": [0, 0],
      "24": [0, 0],
      "25": [0, 0],
      "26": [0, 0],
      "27": [0, 0],
      "28": [0, 0],
      "29": [0, 0, 0],
      "30": [0, 0],
      "31": [0, 0],
      "32": [0, 0],
      "33": [0, 0],
      "34": [0, 0],
      "35": [0, 0],
      "36": [0, 0],
      "37": [0, 0],
      "38": [0, 0],
      "39": [0, 0],
      "40": [0, 0],
      "41": [0, 0],
      "42": [0, 0]
    }
  }
}
